### CustomExplorer log file, revision E-2011.03-1 (build 1103) ###
### created at 22:12:21 on Thu Feb 14 2019 (Linux AMD64) ###
wv_start_log
# (0) # editor setting overridden by env variable EDITOR
# (0) running in waveview only mode
# (0) HOME defined
wv_move_window CustomWaveView 0 0
wv_resize_window CustomWaveView 800 400
wv_move_window CustomWaveView 0 23
wv_move_window CustomWaveView 14 8
wv_resize_window CustomWaveView 900 550
wv_select_waveview 1
wv_select_waveview 1
wv_move_window CustomWaveView 87 17
wv_move_window CustomWaveView 1906 221
wv_move_window CustomWaveView 2068 258
wv_select_menu_item {File} {Import Waveform File ...}
wv_move_dialog FileDialog 2316 302
wv_select_dialog FileDialog
wv_set_text FileDialog.FileName {}
wv_select_list_item FileDialog.FileList XOR.raw
wv_select_list_item FileDialog.FileList XOR.raw
wv_dclick_list_item FileDialog.FileList XOR.raw
wv_select_list_item FileDialog.FileList TransientAnalysis.tran.tran
wv_select_list_item FileDialog.FileList TransientAnalysis.tran.tran
wv_dclick_list_item FileDialog.FileList TransientAnalysis.tran.tran
wv_select_hierview_item {FILE0:D0:TransientAnalysis.tran.tran}
wv_select_hierview_item {FILE0:D0:TransientAnalysis.tran.tran}
wv_select_hierview_item {FILE0:D0:TransientAnalysis.tran.tran}
wv_dclick_hierview_item {FILE0:D0:TransientAnalysis.tran.tran}
wv_select_hierview_item {FILE0:D0:TransientAnalysis.tran.tran} {toplevel}
wv_dclick_hierview_item {FILE0:D0:TransientAnalysis.tran.tran} {toplevel}
wv_select_sigview_item XR_in
wv_dclick_sigview_item XR_in
wv_select_sigview_item XR_out
wv_dclick_sigview_item XR_out
wv_select_wv_item WV1.PANEL1:1.LEGEND
wv_select_panel WV1.PANEL1:1.LEGEND
wv_shift_select_panel WV1.PANEL2:1.LEGEND
wv_release_wv_item WV1 32 271
wv_move_window CustomWaveView 2084 302
wv_move_window CustomWaveView 2206 606
wv_move_window CustomWaveView 2313 298
wv_select_menu_item {Panel} {Actions} {Group}
wv_close_window CustomWaveView
wv_select_dialog Confirmation
wv_move_dialog Confirmation 2657 504
wv_press_button Confirmation.Cancel
wv_select_menu_item {File} {Update Waveform Files}
wv_select_dialog ReloadFiles
wv_move_dialog ReloadFiles 2435 495
wv_press_button ReloadFiles.Yes
wv_select_menu_item {File} {Update Waveform Files}
wv_select_menu_item {File} {Update Waveform Files}
wv_select_dialog ReloadFiles
wv_move_dialog ReloadFiles 2435 495
wv_press_button ReloadFiles.Yes
wv_select_hierview_item {FILE0:D0:TransientAnalysis.tran.tran} {toplevel}
wv_select_menu_item {File} {Update Waveform Files}
wv_select_dialog ReloadFiles
wv_move_dialog ReloadFiles 2435 495
wv_press_button ReloadFiles.Yes
wv_select_hierview_item {FILE0:D0:TransientAnalysis.tran.tran} {toplevel}
wv_select_menu_item {Tools} {Measurement ...}
wv_move_dialog MeasurementTool 2344 342
wv_select_dialog MeasurementTool
wv_select_tab MeasurementTool.TabCtrl 1
wv_set_radio MeasurementTool.TimeDomain
wv_resize_dialog MeasurementTool 838 656
wv_set_radio MeasurementTool.Delay
wv_press_button MeasurementTool.AllOk
wv_select_wv_item WV1.MEAS1
wv_drag_item_to WV1 235 211
wv_move_wv_item WV1.MEAS1 217 213
wv_select_menu_item {Tools} {Measurement ...}
wv_move_dialog MeasurementTool 2318 342
wv_select_dialog MeasurementTool
wv_press_button MeasurementTool.AllOk
wv_select_wv_item WV1.MEAS2
wv_drag_item_to WV1 289 217
wv_move_wv_item WV1.MEAS2 349 209
wv_select_wv_item WV1.MEAS1
wv_drag_item_to WV1 294 236
wv_move_wv_item WV1.MEAS1 197 198
wv_select_wv_item WV1.MEAS2
wv_drag_item_to WV1 424 230
wv_move_wv_item WV1.MEAS2 329 225
wv_select_menu_item {File} {Update Waveform Files}
wv_select_dialog ReloadFiles
wv_move_dialog ReloadFiles 2435 495
wv_press_button ReloadFiles.Yes
wv_select_hierview_item {FILE0:D0:TransientAnalysis.tran.tran} {toplevel}
wv_select_menu_item {File} {Update Waveform Files}
wv_select_dialog ReloadFiles
wv_move_dialog ReloadFiles 2435 495
wv_press_button ReloadFiles.Yes
wv_select_hierview_item {FILE0:D0:TransientAnalysis.tran.tran} {toplevel}
wv_select_menu_item {File} {Update Waveform Files}
wv_select_dialog ReloadFiles
wv_move_dialog ReloadFiles 2435 495
wv_press_button ReloadFiles.Yes
wv_select_hierview_item {FILE0:D0:TransientAnalysis.tran.tran} {toplevel}
wv_select_menu_item {File} {Update Waveform Files}
wv_select_dialog ReloadFiles
wv_move_dialog ReloadFiles 2435 495
wv_press_button ReloadFiles.Yes
wv_press_button ReloadFiles.Yes
## TYPE S abort
## memory usage 4.88MB
#session saved in: 'sx_crash.sx'
### auto-generated spxrc ###
### General Settings ###
gui_font small
startup_mode full
show_console false
replay_delay 1
backingstore internal
gui_color bright
sx_editor vim
private_colormap false
wv_iconizable false
user_colors false
thick_line false
okbtn_autocenter false
delete_confirm true
reload_confirm true
precision_digits 3
browser_width 250
### SPICE lint ###
spice_netlist_erc off
spice_inst_casesensitive false
spice_parm_casesensitive false
spice_sort_subckt_cells false
spice_cell_index_depth true
spice_smart_sort false
use_hspiceini false
lint_suppress_list 
lint_min_resistance    1.000E-05
lint_max_capacitance    1.000E-03
lint_min_mos_width    1.000E-08
lint_max_mos_width    1.000E-02
lint_min_mos_length    1.000E-08
lint_max_mos_length    1.000E-02
### Custom WaveView ###
waveview_background black
cycle_color_by panel+waveview
clamp_ac_phase true
left_button_action zoom
init_xy_mode hvsel
group_display_order file
def_ac_stack complex
def_acx_type linear
def_acy_type linear
def_trx_type linear
def_try_type linear
def_fft_xscale log
def_fft_yscale db
signal_dnd_mode move
logic_style_default vcd
signal_font normal
signal_name name+file
signal_path path+name
load_data_at_open false
grid_default on
grid_brightness normal
auto_y_axes off
alias_bracket true
flatten_single_point_sweep true
signame_popup false
show_ytype false
smart_hsort false
sweep_expand user
remove_dupsig false
case_sens_tr0 false
flatten_segs true
extend_waveform false
convert_s_to_yz true
sync_alias true
real_time_scroll true
snap_marker false
btn_add_hcursor false
bar_grip_scroll false
auto_x_extend false
hide_panel_div false
logic_cursor_snap true
logic_glitch_highlight true
stack_auto_fit on
wdf_filter allfiles
horz_panel_height 80
default_panels_perrow 4
default_hist_binsize 10
max_visible_panels 0
lines_per_panel 0
min_panel_height 20
analog_panel_height 120
max_log_span 12
logic_panel_height 24
panel_spacing 0
smith_char_impedance    5.000E+01
d2a_xtol true
d2a_fullext true
d2a_high_value    3.300E+00
d2a_low_value    0.000E+00
d2a_rise_slew    1.000E-11
d2a_fall_slew    1.000E-11
a2d_single_threshold true
a2d_center_threshold    2.500E+00
a2d_high_threshold    4.000E+00
a2d_low_threshold    1.000E+00
dm_low_margin 10.0
dm_high_margin 90.0
dm_low_logic 0.0
dm_high_logic 3.3
SX_DM_DMScale false
SNR_inc_floor_noise false
