@(#)$CDS: LVS version 6.1.7-64b 01/24/2017 19:46 (sjfhw310) $

Command line: /softwares/Linux/cadence/IC617/tools.lnx86/dfII/bin/64bit/LVS -dir /home/grads/l/lchenjie/lchenjie/cadence/LVS -l -s -t /home/grads/l/lchenjie/lchenjie/cadence/LVS/layout /home/grads/l/lchenjie/lchenjie/cadence/LVS/schematic
Like matching is enabled.
Net swapping is enabled.
Using terminal names as correspondence points.
Compiling Diva LVS rules...

    Net-list summary for /home/grads/l/lchenjie/lchenjie/cadence/LVS/layout/netlist
       count
        4               nets
        4               terminals
        1               pmos
        1               nmos

    Net-list summary for /home/grads/l/lchenjie/lchenjie/cadence/LVS/schematic/netlist
       count
        4               nets
        4               terminals
        1               pmos
        1               nmos


    Terminal correspondence points
    N0        N2        GND
    N3        N3        VDD
    N2        N1        in
    N1        N0        out

Devices in the netlist but not in the rules:
        pcapacitor
Devices in the rules but not in the netlist:
        cap nfet pfet nmos4 pmos4

The net-lists match.

                             layout  schematic
                                instances
        un-matched              0       0      
        rewired                 0       0      
        size errors             0       0      
        pruned                  0       0      
        active                  2       2      
        total                   2       2      

                                  nets
        un-matched              0       0      
        merged                  0       0      
        pruned                  0       0      
        active                  4       4      
        total                   4       4      

                                terminals
        un-matched              0       0      
        matched but
        different type          1       1      
        total                   4       4      


Probe files from /home/grads/l/lchenjie/lchenjie/cadence/LVS/schematic

devbad.out:

netbad.out:

mergenet.out:

termbad.out:
? Terminal out's type in the schematic: output, in the layout: input

prunenet.out:

prunedev.out:

audit.out:


Probe files from /home/grads/l/lchenjie/lchenjie/cadence/LVS/layout

devbad.out:

netbad.out:

mergenet.out:

termbad.out:
? Terminal out's type in the layout: input, in the schematic: output

prunenet.out:

prunedev.out:

audit.out:
